0 info it worked if it ends with ok
1 verbose cli [ 'C:\\Program Files\\nodejs\\node.exe',
1 verbose cli   'C:\\Program Files\\nodejs\\node_modules\\npm\\bin\\npm-cli.js',
1 verbose cli   'run',
1 verbose cli   'lint' ]
2 info using npm@3.10.10
3 info using node@v6.11.3
4 verbose run-script [ 'prelint', 'lint', 'postlint' ]
5 info lifecycle upstar_music@1.0.0~prelint: upstar_music@1.0.0
6 silly lifecycle upstar_music@1.0.0~prelint: no script for prelint, continuing
7 info lifecycle upstar_music@1.0.0~lint: upstar_music@1.0.0
8 verbose lifecycle upstar_music@1.0.0~lint: unsafe-perm in lifecycle true
9 verbose lifecycle upstar_music@1.0.0~lint: PATH: C:\Program Files\nodejs\node_modules\npm\bin\node-gyp-bin;C:\Users\Jie Zheng\Desktop\MongoDB\UpStarMusic\node_modules\.bin;C:\ProgramData\Oracle\Java\javapath;C:\Program Files (x86)\Razer Chroma SDK\bin;C:\Program Files\Razer Chroma SDK\bin;C:\Program Files\Dell\DW WLAN Card;C:\Program Files (x86)\Intel\iCLS Client\;C:\Program Files\Intel\iCLS Client\;C:\Windows\system32;C:\Windows;C:\Windows\System32\Wbem;C:\Windows\System32\WindowsPowerShell\v1.0\;C:\Program Files (x86)\Intel\Intel(R) Management Engine Components\DAL;C:\Program Files\Intel\Intel(R) Management Engine Components\DAL;C:\Program Files (x86)\Intel\Intel(R) Management Engine Components\IPT;C:\Program Files\Intel\Intel(R) Management Engine Components\IPT;C:\Program Files\WIDCOMM\Bluetooth Software\;C:\Program Files\WIDCOMM\Bluetooth Software\syswow64;C:\Program Files (x86)\NVIDIA Corporation\PhysX\Common;C:\WINDOWS\system32;C:\WINDOWS;C:\WINDOWS\System32\Wbem;C:\WINDOWS\System32\WindowsPowerShell\v1.0\;C:\WINDOWS\system32\config\systemprofile\AppData\Local\Microsoft\WindowsApps;C:\Program Files (x86)\Skype\Phone\;C:\Program Files\nodejs\;C:\Program Files\Git\cmd;C:\Program Files\Git\mingw64\bin;C:\Program Files\Git\usr\bin;C:\Users\Jie Zheng\AppData\Local\Programs\Python\Python36-32\Scripts\;C:\Users\Jie Zheng\AppData\Local\Programs\Python\Python36-32\;C:\Users\Jie Zheng\AppData\Local\Microsoft\WindowsApps;C:\Users\Jie Zheng\AppData\Local\atom\bin;C:\Users\Jie Zheng\AppData\Local\Microsoft\WindowsApps;C:\ProgramData\Anaconda3\Scripts;C:\Users\Jie Zheng\AppData\Roaming\npm;
10 verbose lifecycle upstar_music@1.0.0~lint: CWD: C:\Users\Jie Zheng\Desktop\MongoDB\UpStarMusic
11 silly lifecycle upstar_music@1.0.0~lint: Args: [ '/d /s /c', 'eslint .' ]
12 silly lifecycle upstar_music@1.0.0~lint: Returned: code: 1  signal: null
13 info lifecycle upstar_music@1.0.0~lint: Failed to exec lint script
14 verbose stack Error: upstar_music@1.0.0 lint: `eslint .`
14 verbose stack Exit status 1
14 verbose stack     at EventEmitter.<anonymous> (C:\Program Files\nodejs\node_modules\npm\lib\utils\lifecycle.js:255:16)
14 verbose stack     at emitTwo (events.js:106:13)
14 verbose stack     at EventEmitter.emit (events.js:191:7)
14 verbose stack     at ChildProcess.<anonymous> (C:\Program Files\nodejs\node_modules\npm\lib\utils\spawn.js:40:14)
14 verbose stack     at emitTwo (events.js:106:13)
14 verbose stack     at ChildProcess.emit (events.js:191:7)
14 verbose stack     at maybeClose (internal/child_process.js:920:16)
14 verbose stack     at Process.ChildProcess._handle.onexit (internal/child_process.js:230:5)
15 verbose pkgid upstar_music@1.0.0
16 verbose cwd C:\Users\Jie Zheng\Desktop\MongoDB\UpStarMusic
17 error Windows_NT 10.0.16299
18 error argv "C:\\Program Files\\nodejs\\node.exe" "C:\\Program Files\\nodejs\\node_modules\\npm\\bin\\npm-cli.js" "run" "lint"
19 error node v6.11.3
20 error npm  v3.10.10
21 error code ELIFECYCLE
22 error upstar_music@1.0.0 lint: `eslint .`
22 error Exit status 1
23 error Failed at the upstar_music@1.0.0 lint script 'eslint .'.
23 error Make sure you have the latest version of node.js and npm installed.
23 error If you do, this is most likely a problem with the upstar_music package,
23 error not with npm itself.
23 error Tell the author that this fails on your system:
23 error     eslint .
23 error You can get information on how to open an issue for this project with:
23 error     npm bugs upstar_music
23 error Or if that isn't available, you can get their info via:
23 error     npm owner ls upstar_music
23 error There is likely additional logging output above.
24 verbose exit [ 1, true ]
